CRITICAL - 2023-10-21 13:50:49 --> Undefined variable $genero
in APPPATH\Views\peliculas\new.php on line 25.
 1 APPPATH\Views\peliculas\new.php(25): CodeIgniter\Debug\Exceptions->errorHandler(2, 'Undefined variable $genero', 'C:\\xampp\\htdocs\\Parcial02\\app\\Views\\peliculas\\new.php', 25)
 2 SYSTEMPATH\View\View.php(226): include('C:\\xampp\\htdocs\\Parcial02\\app\\Views\\peliculas\\new.php')
 3 SYSTEMPATH\View\View.php(229): CodeIgniter\View\View->CodeIgniter\View\{closure}()
 4 SYSTEMPATH\Common.php(1188): CodeIgniter\View\View->render('peliculas/new', [], true)
 5 APPPATH\Controllers\Peliculas.php(43): view('peliculas/new')
 6 SYSTEMPATH\CodeIgniter.php(919): App\Controllers\Peliculas->guardar()
 7 SYSTEMPATH\CodeIgniter.php(494): CodeIgniter\CodeIgniter->runController(Object(App\Controllers\Peliculas))
 8 SYSTEMPATH\CodeIgniter.php(353): CodeIgniter\CodeIgniter->handleRequest(null, Object(Config\Cache), false)
 9 FCPATH\index.php(79): CodeIgniter\CodeIgniter->run()
CRITICAL - 2023-10-21 13:52:23 --> Undefined variable $genero
in APPPATH\Views\peliculas\new.php on line 25.
 1 APPPATH\Views\peliculas\new.php(25): CodeIgniter\Debug\Exceptions->errorHandler(2, 'Undefined variable $genero', 'C:\\xampp\\htdocs\\Parcial02\\app\\Views\\peliculas\\new.php', 25)
 2 SYSTEMPATH\View\View.php(226): include('C:\\xampp\\htdocs\\Parcial02\\app\\Views\\peliculas\\new.php')
 3 SYSTEMPATH\View\View.php(229): CodeIgniter\View\View->CodeIgniter\View\{closure}()
 4 SYSTEMPATH\Common.php(1188): CodeIgniter\View\View->render('peliculas/new', [], true)
 5 APPPATH\Controllers\Peliculas.php(43): view('peliculas/new')
 6 SYSTEMPATH\CodeIgniter.php(919): App\Controllers\Peliculas->guardar()
 7 SYSTEMPATH\CodeIgniter.php(494): CodeIgniter\CodeIgniter->runController(Object(App\Controllers\Peliculas))
 8 SYSTEMPATH\CodeIgniter.php(353): CodeIgniter\CodeIgniter->handleRequest(null, Object(Config\Cache), false)
 9 FCPATH\index.php(79): CodeIgniter\CodeIgniter->run()
ERROR - 2023-10-21 13:54:42 --> mysqli_sql_exception: Cannot add or update a child row: a foreign key constraint fails (`catalogo_peliculas`.`pelicula`, CONSTRAINT `FK_pelicula_11` FOREIGN KEY (`id_genero`) REFERENCES `genero` (`id`) ON DELETE CASCADE ON UPDATE CASCADE) in C:\xampp\htdocs\Parcial02\system\Database\MySQLi\Connection.php:306
Stack trace:
#0 C:\xampp\htdocs\Parcial02\system\Database\MySQLi\Connection.php(306): mysqli->query('INSERT INTO `pe...', 0)
#1 C:\xampp\htdocs\Parcial02\system\Database\BaseConnection.php(692): CodeIgniter\Database\MySQLi\Connection->execute('INSERT INTO `pe...')
#2 C:\xampp\htdocs\Parcial02\system\Database\BaseConnection.php(606): CodeIgniter\Database\BaseConnection->simpleQuery('INSERT INTO `pe...')
#3 C:\xampp\htdocs\Parcial02\system\Database\BaseBuilder.php(2308): CodeIgniter\Database\BaseConnection->query('INSERT INTO `pe...', Array, false)
#4 C:\xampp\htdocs\Parcial02\app\Models\PeliculasModel.php(41): CodeIgniter\Database\BaseBuilder->insert(Array)
#5 C:\xampp\htdocs\Parcial02\app\Controllers\Peliculas.php(42): App\Models\PeliculasModel->insertar(Array)
#6 C:\xampp\htdocs\Parcial02\system\CodeIgniter.php(919): App\Controllers\Peliculas->guardar()
#7 C:\xampp\htdocs\Parcial02\system\CodeIgniter.php(494): CodeIgniter\CodeIgniter->runController(Object(App\Controllers\Peliculas))
#8 C:\xampp\htdocs\Parcial02\system\CodeIgniter.php(353): CodeIgniter\CodeIgniter->handleRequest(NULL, Object(Config\Cache), false)
#9 C:\xampp\htdocs\Parcial02\public\index.php(79): CodeIgniter\CodeIgniter->run()
#10 {main}
CRITICAL - 2023-10-21 13:54:42 --> Cannot add or update a child row: a foreign key constraint fails (`catalogo_peliculas`.`pelicula`, CONSTRAINT `FK_pelicula_11` FOREIGN KEY (`id_genero`) REFERENCES `genero` (`id`) ON DELETE CASCADE ON UPDATE CASCADE)
in SYSTEMPATH\Database\BaseConnection.php on line 646.
 1 SYSTEMPATH\Database\BaseBuilder.php(2308): CodeIgniter\Database\BaseConnection->query('INSERT INTO `pelicula` (`nombre`, `id_genero`, `puntuacion`, `anio`, `id_popularidad`) VALUES (:nombre:, :id_genero:, :puntuacion:, :anio:, :id_popularidad:)', [...], false)
 2 APPPATH\Models\PeliculasModel.php(41): CodeIgniter\Database\BaseBuilder->insert([...])
 3 APPPATH\Controllers\Peliculas.php(42): App\Models\PeliculasModel->insertar([...])
 4 SYSTEMPATH\CodeIgniter.php(919): App\Controllers\Peliculas->guardar()
 5 SYSTEMPATH\CodeIgniter.php(494): CodeIgniter\CodeIgniter->runController(Object(App\Controllers\Peliculas))
 6 SYSTEMPATH\CodeIgniter.php(353): CodeIgniter\CodeIgniter->handleRequest(null, Object(Config\Cache), false)
 7 FCPATH\index.php(79): CodeIgniter\CodeIgniter->run()
ERROR - 2023-10-21 14:01:40 --> mysqli_sql_exception: Cannot add or update a child row: a foreign key constraint fails (`catalogo_peliculas`.`pelicula`, CONSTRAINT `FK_pelicula_11` FOREIGN KEY (`id_genero`) REFERENCES `genero` (`id`) ON DELETE CASCADE ON UPDATE CASCADE) in C:\xampp\htdocs\Parcial02\system\Database\MySQLi\Connection.php:306
Stack trace:
#0 C:\xampp\htdocs\Parcial02\system\Database\MySQLi\Connection.php(306): mysqli->query('INSERT INTO `pe...', 0)
#1 C:\xampp\htdocs\Parcial02\system\Database\BaseConnection.php(692): CodeIgniter\Database\MySQLi\Connection->execute('INSERT INTO `pe...')
#2 C:\xampp\htdocs\Parcial02\system\Database\BaseConnection.php(606): CodeIgniter\Database\BaseConnection->simpleQuery('INSERT INTO `pe...')
#3 C:\xampp\htdocs\Parcial02\system\Database\BaseBuilder.php(2308): CodeIgniter\Database\BaseConnection->query('INSERT INTO `pe...', Array, false)
#4 C:\xampp\htdocs\Parcial02\app\Models\PeliculasModel.php(41): CodeIgniter\Database\BaseBuilder->insert(Array)
#5 C:\xampp\htdocs\Parcial02\app\Controllers\Peliculas.php(42): App\Models\PeliculasModel->insertar(Array)
#6 C:\xampp\htdocs\Parcial02\system\CodeIgniter.php(919): App\Controllers\Peliculas->guardar()
#7 C:\xampp\htdocs\Parcial02\system\CodeIgniter.php(494): CodeIgniter\CodeIgniter->runController(Object(App\Controllers\Peliculas))
#8 C:\xampp\htdocs\Parcial02\system\CodeIgniter.php(353): CodeIgniter\CodeIgniter->handleRequest(NULL, Object(Config\Cache), false)
#9 C:\xampp\htdocs\Parcial02\public\index.php(79): CodeIgniter\CodeIgniter->run()
#10 {main}
CRITICAL - 2023-10-21 14:01:40 --> Cannot add or update a child row: a foreign key constraint fails (`catalogo_peliculas`.`pelicula`, CONSTRAINT `FK_pelicula_11` FOREIGN KEY (`id_genero`) REFERENCES `genero` (`id`) ON DELETE CASCADE ON UPDATE CASCADE)
in SYSTEMPATH\Database\BaseConnection.php on line 646.
 1 SYSTEMPATH\Database\BaseBuilder.php(2308): CodeIgniter\Database\BaseConnection->query('INSERT INTO `pelicula` (`nombre`, `id_genero`, `puntuacion`, `anio`, `id_popularidad`) VALUES (:nombre:, :id_genero:, :puntuacion:, :anio:, :id_popularidad:)', [...], false)
 2 APPPATH\Models\PeliculasModel.php(41): CodeIgniter\Database\BaseBuilder->insert([...])
 3 APPPATH\Controllers\Peliculas.php(42): App\Models\PeliculasModel->insertar([...])
 4 SYSTEMPATH\CodeIgniter.php(919): App\Controllers\Peliculas->guardar()
 5 SYSTEMPATH\CodeIgniter.php(494): CodeIgniter\CodeIgniter->runController(Object(App\Controllers\Peliculas))
 6 SYSTEMPATH\CodeIgniter.php(353): CodeIgniter\CodeIgniter->handleRequest(null, Object(Config\Cache), false)
 7 FCPATH\index.php(79): CodeIgniter\CodeIgniter->run()
CRITICAL - 2023-10-21 14:02:20 --> Undefined variable $genero
in APPPATH\Views\peliculas\new.php on line 25.
 1 APPPATH\Views\peliculas\new.php(25): CodeIgniter\Debug\Exceptions->errorHandler(2, 'Undefined variable $genero', 'C:\\xampp\\htdocs\\Parcial02\\app\\Views\\peliculas\\new.php', 25)
 2 SYSTEMPATH\View\View.php(226): include('C:\\xampp\\htdocs\\Parcial02\\app\\Views\\peliculas\\new.php')
 3 SYSTEMPATH\View\View.php(229): CodeIgniter\View\View->CodeIgniter\View\{closure}()
 4 SYSTEMPATH\Common.php(1188): CodeIgniter\View\View->render('peliculas/new', [], true)
 5 APPPATH\Controllers\Peliculas.php(43): view('peliculas/new')
 6 SYSTEMPATH\CodeIgniter.php(919): App\Controllers\Peliculas->guardar()
 7 SYSTEMPATH\CodeIgniter.php(494): CodeIgniter\CodeIgniter->runController(Object(App\Controllers\Peliculas))
 8 SYSTEMPATH\CodeIgniter.php(353): CodeIgniter\CodeIgniter->handleRequest(null, Object(Config\Cache), false)
 9 FCPATH\index.php(79): CodeIgniter\CodeIgniter->run()
CRITICAL - 2023-10-21 14:15:12 --> Undefined variable $popularidad
in APPPATH\Views\peliculas\new.php on line 40.
 1 APPPATH\Views\peliculas\new.php(40): CodeIgniter\Debug\Exceptions->errorHandler(2, 'Undefined variable $popularidad', 'C:\\xampp\\htdocs\\Parcial02\\app\\Views\\peliculas\\new.php', 40)
 2 SYSTEMPATH\View\View.php(226): include('C:\\xampp\\htdocs\\Parcial02\\app\\Views\\peliculas\\new.php')
 3 SYSTEMPATH\View\View.php(229): CodeIgniter\View\View->CodeIgniter\View\{closure}()
 4 SYSTEMPATH\Common.php(1188): CodeIgniter\View\View->render('peliculas/new', [], true)
 5 APPPATH\Controllers\Peliculas.php(43): view('peliculas/new')
 6 SYSTEMPATH\CodeIgniter.php(919): App\Controllers\Peliculas->guardar()
 7 SYSTEMPATH\CodeIgniter.php(494): CodeIgniter\CodeIgniter->runController(Object(App\Controllers\Peliculas))
 8 SYSTEMPATH\CodeIgniter.php(353): CodeIgniter\CodeIgniter->handleRequest(null, Object(Config\Cache), false)
 9 FCPATH\index.php(79): CodeIgniter\CodeIgniter->run()
