CRITICAL - 2023-10-22 03:35:34 --> syntax error, unexpected identifier "pu", expecting "function" or "const"
in APPPATH\Controllers\Peliculas.php on line 46.
 1 SYSTEMPATH\Autoloader\Autoloader.php(285): CodeIgniter\Autoloader\Autoloader->includeFile('C:\\xampp\\htdocs\\Parcial02\\app\\Controllers\\Peliculas.php')
 2 SYSTEMPATH\Autoloader\Autoloader.php(263): CodeIgniter\Autoloader\Autoloader->loadInNamespace('App\\Controllers\\Peliculas')
 3 [internal function]: CodeIgniter\Autoloader\Autoloader->loadClass('App\\Controllers\\Peliculas')
 4 SYSTEMPATH\CodeIgniter.php(877): class_exists('\\App\\Controllers\\Peliculas', true)
 5 SYSTEMPATH\CodeIgniter.php(481): CodeIgniter\CodeIgniter->startController()
 6 SYSTEMPATH\CodeIgniter.php(353): CodeIgniter\CodeIgniter->handleRequest(null, Object(Config\Cache), false)
 7 FCPATH\index.php(79): CodeIgniter\CodeIgniter->run()
CRITICAL - 2023-10-22 03:47:46 --> Unmatched ')'
in APPPATH\Views\peliculas\view.php on line 44.
 1 SYSTEMPATH\View\View.php(229): CodeIgniter\View\View->CodeIgniter\View\{closure}()
 2 SYSTEMPATH\Common.php(1188): CodeIgniter\View\View->render('peliculas/view', [], true)
 3 APPPATH\Controllers\Peliculas.php(15): view('peliculas/view', [...])
 4 SYSTEMPATH\CodeIgniter.php(919): App\Controllers\Peliculas->getIndex()
 5 SYSTEMPATH\CodeIgniter.php(494): CodeIgniter\CodeIgniter->runController(Object(App\Controllers\Peliculas))
 6 SYSTEMPATH\CodeIgniter.php(353): CodeIgniter\CodeIgniter->handleRequest(null, Object(Config\Cache), false)
 7 FCPATH\index.php(79): CodeIgniter\CodeIgniter->run()
CRITICAL - 2023-10-22 04:05:56 --> syntax error, unexpected token "}"
in APPPATH\Controllers\Peliculas.php on line 52.
 1 SYSTEMPATH\Autoloader\Autoloader.php(285): CodeIgniter\Autoloader\Autoloader->includeFile('C:\\xampp\\htdocs\\Parcial02\\app\\Controllers\\Peliculas.php')
 2 SYSTEMPATH\Autoloader\Autoloader.php(263): CodeIgniter\Autoloader\Autoloader->loadInNamespace('App\\Controllers\\Peliculas')
 3 [internal function]: CodeIgniter\Autoloader\Autoloader->loadClass('App\\Controllers\\Peliculas')
 4 SYSTEMPATH\CodeIgniter.php(877): class_exists('\\App\\Controllers\\Peliculas', true)
 5 SYSTEMPATH\CodeIgniter.php(481): CodeIgniter\CodeIgniter->startController()
 6 SYSTEMPATH\CodeIgniter.php(353): CodeIgniter\CodeIgniter->handleRequest(null, Object(Config\Cache), false)
 7 FCPATH\index.php(79): CodeIgniter\CodeIgniter->run()
CRITICAL - 2023-10-22 04:17:36 --> Cannot redeclare App\Controllers\Peliculas::eliminar()
in APPPATH\Controllers\Peliculas.php on line 56.
 1 [internal function]: CodeIgniter\Debug\Exceptions->shutdownHandler()
CRITICAL - 2023-10-22 04:21:43 --> syntax error, unexpected token "}"
in APPPATH\Controllers\Peliculas.php on line 64.
 1 SYSTEMPATH\Autoloader\Autoloader.php(285): CodeIgniter\Autoloader\Autoloader->includeFile('C:\\xampp\\htdocs\\Parcial02\\app\\Controllers\\Peliculas.php')
 2 SYSTEMPATH\Autoloader\Autoloader.php(263): CodeIgniter\Autoloader\Autoloader->loadInNamespace('App\\Controllers\\Peliculas')
 3 [internal function]: CodeIgniter\Autoloader\Autoloader->loadClass('App\\Controllers\\Peliculas')
 4 SYSTEMPATH\CodeIgniter.php(877): class_exists('\\App\\Controllers\\Peliculas', true)
 5 SYSTEMPATH\CodeIgniter.php(481): CodeIgniter\CodeIgniter->startController()
 6 SYSTEMPATH\CodeIgniter.php(353): CodeIgniter\CodeIgniter->handleRequest(null, Object(Config\Cache), false)
 7 FCPATH\index.php(79): CodeIgniter\CodeIgniter->run()
CRITICAL - 2023-10-22 04:27:25 --> syntax error, unexpected token "/"
in APPPATH\Controllers\Peliculas.php on line 64.
 1 SYSTEMPATH\Autoloader\Autoloader.php(285): CodeIgniter\Autoloader\Autoloader->includeFile('C:\\xampp\\htdocs\\Parcial02\\app\\Controllers\\Peliculas.php')
 2 SYSTEMPATH\Autoloader\Autoloader.php(263): CodeIgniter\Autoloader\Autoloader->loadInNamespace('App\\Controllers\\Peliculas')
 3 [internal function]: CodeIgniter\Autoloader\Autoloader->loadClass('App\\Controllers\\Peliculas')
 4 SYSTEMPATH\CodeIgniter.php(877): class_exists('\\App\\Controllers\\Peliculas', true)
 5 SYSTEMPATH\CodeIgniter.php(481): CodeIgniter\CodeIgniter->startController()
 6 SYSTEMPATH\CodeIgniter.php(353): CodeIgniter\CodeIgniter->handleRequest(null, Object(Config\Cache), false)
 7 FCPATH\index.php(79): CodeIgniter\CodeIgniter->run()
CRITICAL - 2023-10-22 04:27:46 --> Invalid file: "edit.php"
in SYSTEMPATH\Exceptions\FrameworkException.php on line 39.
 1 SYSTEMPATH\View\View.php(214): CodeIgniter\Exceptions\FrameworkException::forInvalidFile('edit.php')
 2 SYSTEMPATH\Common.php(1188): CodeIgniter\View\View->render('edit', [], true)
 3 APPPATH\Controllers\Peliculas.php(64): view('edit')
 4 SYSTEMPATH\CodeIgniter.php(919): App\Controllers\Peliculas->editar('5')
 5 SYSTEMPATH\CodeIgniter.php(494): CodeIgniter\CodeIgniter->runController(Object(App\Controllers\Peliculas))
 6 SYSTEMPATH\CodeIgniter.php(353): CodeIgniter\CodeIgniter->handleRequest(null, Object(Config\Cache), false)
 7 FCPATH\index.php(79): CodeIgniter\CodeIgniter->run()
CRITICAL - 2023-10-22 04:31:18 --> Undefined variable $registri
in APPPATH\Controllers\Peliculas.php on line 65.
 1 APPPATH\Controllers\Peliculas.php(65): CodeIgniter\Debug\Exceptions->errorHandler(2, 'Undefined variable $registri', 'C:\\xampp\\htdocs\\Parcial02\\app\\Controllers\\Peliculas.php', 65)
 2 SYSTEMPATH\CodeIgniter.php(919): App\Controllers\Peliculas->editar('5')
 3 SYSTEMPATH\CodeIgniter.php(494): CodeIgniter\CodeIgniter->runController(Object(App\Controllers\Peliculas))
 4 SYSTEMPATH\CodeIgniter.php(353): CodeIgniter\CodeIgniter->handleRequest(null, Object(Config\Cache), false)
 5 FCPATH\index.php(79): CodeIgniter\CodeIgniter->run()
CRITICAL - 2023-10-22 04:34:06 --> Cannot use object of type stdClass as array
in APPPATH\Views\peliculas\edit.php on line 21.
 1 SYSTEMPATH\View\View.php(226): include()
 2 SYSTEMPATH\View\View.php(229): CodeIgniter\View\View->CodeIgniter\View\{closure}()
 3 SYSTEMPATH\Common.php(1188): CodeIgniter\View\View->render('peliculas/edit', [], true)
 4 APPPATH\Controllers\Peliculas.php(63): view('peliculas/edit', [...])
 5 SYSTEMPATH\CodeIgniter.php(919): App\Controllers\Peliculas->editar('5')
 6 SYSTEMPATH\CodeIgniter.php(494): CodeIgniter\CodeIgniter->runController(Object(App\Controllers\Peliculas))
 7 SYSTEMPATH\CodeIgniter.php(353): CodeIgniter\CodeIgniter->handleRequest(null, Object(Config\Cache), false)
 8 FCPATH\index.php(79): CodeIgniter\CodeIgniter->run()
CRITICAL - 2023-10-22 04:34:08 --> Cannot use object of type stdClass as array
in APPPATH\Views\peliculas\edit.php on line 21.
 1 SYSTEMPATH\View\View.php(226): include()
 2 SYSTEMPATH\View\View.php(229): CodeIgniter\View\View->CodeIgniter\View\{closure}()
 3 SYSTEMPATH\Common.php(1188): CodeIgniter\View\View->render('peliculas/edit', [], true)
 4 APPPATH\Controllers\Peliculas.php(63): view('peliculas/edit', [...])
 5 SYSTEMPATH\CodeIgniter.php(919): App\Controllers\Peliculas->editar('5')
 6 SYSTEMPATH\CodeIgniter.php(494): CodeIgniter\CodeIgniter->runController(Object(App\Controllers\Peliculas))
 7 SYSTEMPATH\CodeIgniter.php(353): CodeIgniter\CodeIgniter->handleRequest(null, Object(Config\Cache), false)
 8 FCPATH\index.php(79): CodeIgniter\CodeIgniter->run()
CRITICAL - 2023-10-22 04:34:36 --> Undefined variable $peliculas
in APPPATH\Views\peliculas\edit.php on line 21.
 1 APPPATH\Views\peliculas\edit.php(21): CodeIgniter\Debug\Exceptions->errorHandler(2, 'Undefined variable $peliculas', 'C:\\xampp\\htdocs\\Parcial02\\app\\Views\\peliculas\\edit.php', 21)
 2 SYSTEMPATH\View\View.php(226): include('C:\\xampp\\htdocs\\Parcial02\\app\\Views\\peliculas\\edit.php')
 3 SYSTEMPATH\View\View.php(229): CodeIgniter\View\View->CodeIgniter\View\{closure}()
 4 SYSTEMPATH\Common.php(1188): CodeIgniter\View\View->render('peliculas/edit', [], true)
 5 APPPATH\Controllers\Peliculas.php(63): view('peliculas/edit', [...])
 6 SYSTEMPATH\CodeIgniter.php(919): App\Controllers\Peliculas->editar('5')
 7 SYSTEMPATH\CodeIgniter.php(494): CodeIgniter\CodeIgniter->runController(Object(App\Controllers\Peliculas))
 8 SYSTEMPATH\CodeIgniter.php(353): CodeIgniter\CodeIgniter->handleRequest(null, Object(Config\Cache), false)
 9 FCPATH\index.php(79): CodeIgniter\CodeIgniter->run()
CRITICAL - 2023-10-22 04:34:37 --> Undefined variable $peliculas
in APPPATH\Views\peliculas\edit.php on line 21.
 1 APPPATH\Views\peliculas\edit.php(21): CodeIgniter\Debug\Exceptions->errorHandler(2, 'Undefined variable $peliculas', 'C:\\xampp\\htdocs\\Parcial02\\app\\Views\\peliculas\\edit.php', 21)
 2 SYSTEMPATH\View\View.php(226): include('C:\\xampp\\htdocs\\Parcial02\\app\\Views\\peliculas\\edit.php')
 3 SYSTEMPATH\View\View.php(229): CodeIgniter\View\View->CodeIgniter\View\{closure}()
 4 SYSTEMPATH\Common.php(1188): CodeIgniter\View\View->render('peliculas/edit', [], true)
 5 APPPATH\Controllers\Peliculas.php(63): view('peliculas/edit', [...])
 6 SYSTEMPATH\CodeIgniter.php(919): App\Controllers\Peliculas->editar('5')
 7 SYSTEMPATH\CodeIgniter.php(494): CodeIgniter\CodeIgniter->runController(Object(App\Controllers\Peliculas))
 8 SYSTEMPATH\CodeIgniter.php(353): CodeIgniter\CodeIgniter->handleRequest(null, Object(Config\Cache), false)
 9 FCPATH\index.php(79): CodeIgniter\CodeIgniter->run()
CRITICAL - 2023-10-22 04:35:48 --> Undefined variable $datos
in APPPATH\Views\peliculas\edit.php on line 21.
 1 APPPATH\Views\peliculas\edit.php(21): CodeIgniter\Debug\Exceptions->errorHandler(2, 'Undefined variable $datos', 'C:\\xampp\\htdocs\\Parcial02\\app\\Views\\peliculas\\edit.php', 21)
 2 SYSTEMPATH\View\View.php(226): include('C:\\xampp\\htdocs\\Parcial02\\app\\Views\\peliculas\\edit.php')
 3 SYSTEMPATH\View\View.php(229): CodeIgniter\View\View->CodeIgniter\View\{closure}()
 4 SYSTEMPATH\Common.php(1188): CodeIgniter\View\View->render('peliculas/edit', [], true)
 5 APPPATH\Controllers\Peliculas.php(63): view('peliculas/edit', [...])
 6 SYSTEMPATH\CodeIgniter.php(919): App\Controllers\Peliculas->editar('5')
 7 SYSTEMPATH\CodeIgniter.php(494): CodeIgniter\CodeIgniter->runController(Object(App\Controllers\Peliculas))
 8 SYSTEMPATH\CodeIgniter.php(353): CodeIgniter\CodeIgniter->handleRequest(null, Object(Config\Cache), false)
 9 FCPATH\index.php(79): CodeIgniter\CodeIgniter->run()
CRITICAL - 2023-10-22 04:35:50 --> Undefined variable $datos
in APPPATH\Views\peliculas\edit.php on line 21.
 1 APPPATH\Views\peliculas\edit.php(21): CodeIgniter\Debug\Exceptions->errorHandler(2, 'Undefined variable $datos', 'C:\\xampp\\htdocs\\Parcial02\\app\\Views\\peliculas\\edit.php', 21)
 2 SYSTEMPATH\View\View.php(226): include('C:\\xampp\\htdocs\\Parcial02\\app\\Views\\peliculas\\edit.php')
 3 SYSTEMPATH\View\View.php(229): CodeIgniter\View\View->CodeIgniter\View\{closure}()
 4 SYSTEMPATH\Common.php(1188): CodeIgniter\View\View->render('peliculas/edit', [], true)
 5 APPPATH\Controllers\Peliculas.php(63): view('peliculas/edit', [...])
 6 SYSTEMPATH\CodeIgniter.php(919): App\Controllers\Peliculas->editar('5')
 7 SYSTEMPATH\CodeIgniter.php(494): CodeIgniter\CodeIgniter->runController(Object(App\Controllers\Peliculas))
 8 SYSTEMPATH\CodeIgniter.php(353): CodeIgniter\CodeIgniter->handleRequest(null, Object(Config\Cache), false)
 9 FCPATH\index.php(79): CodeIgniter\CodeIgniter->run()
CRITICAL - 2023-10-22 04:36:43 --> Undefined variable $data
in APPPATH\Views\peliculas\edit.php on line 21.
 1 APPPATH\Views\peliculas\edit.php(21): CodeIgniter\Debug\Exceptions->errorHandler(2, 'Undefined variable $data', 'C:\\xampp\\htdocs\\Parcial02\\app\\Views\\peliculas\\edit.php', 21)
 2 SYSTEMPATH\View\View.php(226): include('C:\\xampp\\htdocs\\Parcial02\\app\\Views\\peliculas\\edit.php')
 3 SYSTEMPATH\View\View.php(229): CodeIgniter\View\View->CodeIgniter\View\{closure}()
 4 SYSTEMPATH\Common.php(1188): CodeIgniter\View\View->render('peliculas/edit', [], true)
 5 APPPATH\Controllers\Peliculas.php(63): view('peliculas/edit', [...])
 6 SYSTEMPATH\CodeIgniter.php(919): App\Controllers\Peliculas->editar('5')
 7 SYSTEMPATH\CodeIgniter.php(494): CodeIgniter\CodeIgniter->runController(Object(App\Controllers\Peliculas))
 8 SYSTEMPATH\CodeIgniter.php(353): CodeIgniter\CodeIgniter->handleRequest(null, Object(Config\Cache), false)
 9 FCPATH\index.php(79): CodeIgniter\CodeIgniter->run()
CRITICAL - 2023-10-22 04:36:59 --> Cannot use object of type stdClass as array
in APPPATH\Views\peliculas\edit.php on line 21.
 1 SYSTEMPATH\View\View.php(226): include()
 2 SYSTEMPATH\View\View.php(229): CodeIgniter\View\View->CodeIgniter\View\{closure}()
 3 SYSTEMPATH\Common.php(1188): CodeIgniter\View\View->render('peliculas/edit', [], true)
 4 APPPATH\Controllers\Peliculas.php(63): view('peliculas/edit', [...])
 5 SYSTEMPATH\CodeIgniter.php(919): App\Controllers\Peliculas->editar('5')
 6 SYSTEMPATH\CodeIgniter.php(494): CodeIgniter\CodeIgniter->runController(Object(App\Controllers\Peliculas))
 7 SYSTEMPATH\CodeIgniter.php(353): CodeIgniter\CodeIgniter->handleRequest(null, Object(Config\Cache), false)
 8 FCPATH\index.php(79): CodeIgniter\CodeIgniter->run()
CRITICAL - 2023-10-22 04:41:05 --> Cannot use object of type stdClass as array
in APPPATH\Views\peliculas\edit.php on line 21.
 1 SYSTEMPATH\View\View.php(226): include()
 2 SYSTEMPATH\View\View.php(229): CodeIgniter\View\View->CodeIgniter\View\{closure}()
 3 SYSTEMPATH\Common.php(1188): CodeIgniter\View\View->render('peliculas/edit', [], true)
 4 APPPATH\Controllers\Peliculas.php(63): view('peliculas/edit', [...])
 5 SYSTEMPATH\CodeIgniter.php(919): App\Controllers\Peliculas->editar('5')
 6 SYSTEMPATH\CodeIgniter.php(494): CodeIgniter\CodeIgniter->runController(Object(App\Controllers\Peliculas))
 7 SYSTEMPATH\CodeIgniter.php(353): CodeIgniter\CodeIgniter->handleRequest(null, Object(Config\Cache), false)
 8 FCPATH\index.php(79): CodeIgniter\CodeIgniter->run()
CRITICAL - 2023-10-22 04:44:57 --> syntax error, unexpected token "endif", expecting end of file
in APPPATH\Views\peliculas\edit.php on line 32.
 1 SYSTEMPATH\View\View.php(229): CodeIgniter\View\View->CodeIgniter\View\{closure}()
 2 SYSTEMPATH\Common.php(1188): CodeIgniter\View\View->render('peliculas/edit', [], true)
 3 APPPATH\Controllers\Peliculas.php(63): view('peliculas/edit', [...])
 4 SYSTEMPATH\CodeIgniter.php(919): App\Controllers\Peliculas->editar('5')
 5 SYSTEMPATH\CodeIgniter.php(494): CodeIgniter\CodeIgniter->runController(Object(App\Controllers\Peliculas))
 6 SYSTEMPATH\CodeIgniter.php(353): CodeIgniter\CodeIgniter->handleRequest(null, Object(Config\Cache), false)
 7 FCPATH\index.php(79): CodeIgniter\CodeIgniter->run()
CRITICAL - 2023-10-22 04:46:16 --> Undefined variable $genero
in APPPATH\Views\peliculas\edit.php on line 25.
 1 APPPATH\Views\peliculas\edit.php(25): CodeIgniter\Debug\Exceptions->errorHandler(2, 'Undefined variable $genero', 'C:\\xampp\\htdocs\\Parcial02\\app\\Views\\peliculas\\edit.php', 25)
 2 SYSTEMPATH\View\View.php(226): include('C:\\xampp\\htdocs\\Parcial02\\app\\Views\\peliculas\\edit.php')
 3 SYSTEMPATH\View\View.php(229): CodeIgniter\View\View->CodeIgniter\View\{closure}()
 4 SYSTEMPATH\Common.php(1188): CodeIgniter\View\View->render('peliculas/edit', [], true)
 5 APPPATH\Controllers\Peliculas.php(63): view('peliculas/edit', [...])
 6 SYSTEMPATH\CodeIgniter.php(919): App\Controllers\Peliculas->editar('5')
 7 SYSTEMPATH\CodeIgniter.php(494): CodeIgniter\CodeIgniter->runController(Object(App\Controllers\Peliculas))
 8 SYSTEMPATH\CodeIgniter.php(353): CodeIgniter\CodeIgniter->handleRequest(null, Object(Config\Cache), false)
 9 FCPATH\index.php(79): CodeIgniter\CodeIgniter->run()
CRITICAL - 2023-10-22 04:47:30 --> Undefined variable $genero
in APPPATH\Views\peliculas\edit.php on line 25.
 1 APPPATH\Views\peliculas\edit.php(25): CodeIgniter\Debug\Exceptions->errorHandler(2, 'Undefined variable $genero', 'C:\\xampp\\htdocs\\Parcial02\\app\\Views\\peliculas\\edit.php', 25)
 2 SYSTEMPATH\View\View.php(226): include('C:\\xampp\\htdocs\\Parcial02\\app\\Views\\peliculas\\edit.php')
 3 SYSTEMPATH\View\View.php(229): CodeIgniter\View\View->CodeIgniter\View\{closure}()
 4 SYSTEMPATH\Common.php(1188): CodeIgniter\View\View->render('peliculas/edit', [], true)
 5 APPPATH\Controllers\Peliculas.php(63): view('peliculas/edit', [...])
 6 SYSTEMPATH\CodeIgniter.php(919): App\Controllers\Peliculas->editar('5')
 7 SYSTEMPATH\CodeIgniter.php(494): CodeIgniter\CodeIgniter->runController(Object(App\Controllers\Peliculas))
 8 SYSTEMPATH\CodeIgniter.php(353): CodeIgniter\CodeIgniter->handleRequest(null, Object(Config\Cache), false)
 9 FCPATH\index.php(79): CodeIgniter\CodeIgniter->run()
CRITICAL - 2023-10-22 04:47:34 --> Undefined variable $genero
in APPPATH\Views\peliculas\edit.php on line 25.
 1 APPPATH\Views\peliculas\edit.php(25): CodeIgniter\Debug\Exceptions->errorHandler(2, 'Undefined variable $genero', 'C:\\xampp\\htdocs\\Parcial02\\app\\Views\\peliculas\\edit.php', 25)
 2 SYSTEMPATH\View\View.php(226): include('C:\\xampp\\htdocs\\Parcial02\\app\\Views\\peliculas\\edit.php')
 3 SYSTEMPATH\View\View.php(229): CodeIgniter\View\View->CodeIgniter\View\{closure}()
 4 SYSTEMPATH\Common.php(1188): CodeIgniter\View\View->render('peliculas/edit', [], true)
 5 APPPATH\Controllers\Peliculas.php(63): view('peliculas/edit', [...])
 6 SYSTEMPATH\CodeIgniter.php(919): App\Controllers\Peliculas->editar('5')
 7 SYSTEMPATH\CodeIgniter.php(494): CodeIgniter\CodeIgniter->runController(Object(App\Controllers\Peliculas))
 8 SYSTEMPATH\CodeIgniter.php(353): CodeIgniter\CodeIgniter->handleRequest(null, Object(Config\Cache), false)
 9 FCPATH\index.php(79): CodeIgniter\CodeIgniter->run()
CRITICAL - 2023-10-22 04:48:06 --> Undefined variable $genero
in APPPATH\Views\peliculas\edit.php on line 25.
 1 APPPATH\Views\peliculas\edit.php(25): CodeIgniter\Debug\Exceptions->errorHandler(2, 'Undefined variable $genero', 'C:\\xampp\\htdocs\\Parcial02\\app\\Views\\peliculas\\edit.php', 25)
 2 SYSTEMPATH\View\View.php(226): include('C:\\xampp\\htdocs\\Parcial02\\app\\Views\\peliculas\\edit.php')
 3 SYSTEMPATH\View\View.php(229): CodeIgniter\View\View->CodeIgniter\View\{closure}()
 4 SYSTEMPATH\Common.php(1188): CodeIgniter\View\View->render('peliculas/edit', [], true)
 5 APPPATH\Controllers\Peliculas.php(63): view('peliculas/edit', [...])
 6 SYSTEMPATH\CodeIgniter.php(919): App\Controllers\Peliculas->editar('5')
 7 SYSTEMPATH\CodeIgniter.php(494): CodeIgniter\CodeIgniter->runController(Object(App\Controllers\Peliculas))
 8 SYSTEMPATH\CodeIgniter.php(353): CodeIgniter\CodeIgniter->handleRequest(null, Object(Config\Cache), false)
 9 FCPATH\index.php(79): CodeIgniter\CodeIgniter->run()
CRITICAL - 2023-10-22 04:48:55 --> Undefined variable $genero
in APPPATH\Views\peliculas\edit.php on line 25.
 1 APPPATH\Views\peliculas\edit.php(25): CodeIgniter\Debug\Exceptions->errorHandler(2, 'Undefined variable $genero', 'C:\\xampp\\htdocs\\Parcial02\\app\\Views\\peliculas\\edit.php', 25)
 2 SYSTEMPATH\View\View.php(226): include('C:\\xampp\\htdocs\\Parcial02\\app\\Views\\peliculas\\edit.php')
 3 SYSTEMPATH\View\View.php(229): CodeIgniter\View\View->CodeIgniter\View\{closure}()
 4 SYSTEMPATH\Common.php(1188): CodeIgniter\View\View->render('peliculas/edit', [], true)
 5 APPPATH\Controllers\Peliculas.php(63): view('peliculas/edit', [...])
 6 SYSTEMPATH\CodeIgniter.php(919): App\Controllers\Peliculas->editar('5')
 7 SYSTEMPATH\CodeIgniter.php(494): CodeIgniter\CodeIgniter->runController(Object(App\Controllers\Peliculas))
 8 SYSTEMPATH\CodeIgniter.php(353): CodeIgniter\CodeIgniter->handleRequest(null, Object(Config\Cache), false)
 9 FCPATH\index.php(79): CodeIgniter\CodeIgniter->run()
CRITICAL - 2023-10-22 04:48:56 --> Undefined variable $genero
in APPPATH\Views\peliculas\edit.php on line 25.
 1 APPPATH\Views\peliculas\edit.php(25): CodeIgniter\Debug\Exceptions->errorHandler(2, 'Undefined variable $genero', 'C:\\xampp\\htdocs\\Parcial02\\app\\Views\\peliculas\\edit.php', 25)
 2 SYSTEMPATH\View\View.php(226): include('C:\\xampp\\htdocs\\Parcial02\\app\\Views\\peliculas\\edit.php')
 3 SYSTEMPATH\View\View.php(229): CodeIgniter\View\View->CodeIgniter\View\{closure}()
 4 SYSTEMPATH\Common.php(1188): CodeIgniter\View\View->render('peliculas/edit', [], true)
 5 APPPATH\Controllers\Peliculas.php(63): view('peliculas/edit', [...])
 6 SYSTEMPATH\CodeIgniter.php(919): App\Controllers\Peliculas->editar('5')
 7 SYSTEMPATH\CodeIgniter.php(494): CodeIgniter\CodeIgniter->runController(Object(App\Controllers\Peliculas))
 8 SYSTEMPATH\CodeIgniter.php(353): CodeIgniter\CodeIgniter->handleRequest(null, Object(Config\Cache), false)
 9 FCPATH\index.php(79): CodeIgniter\CodeIgniter->run()
CRITICAL - 2023-10-22 04:48:57 --> Undefined variable $genero
in APPPATH\Views\peliculas\edit.php on line 25.
 1 APPPATH\Views\peliculas\edit.php(25): CodeIgniter\Debug\Exceptions->errorHandler(2, 'Undefined variable $genero', 'C:\\xampp\\htdocs\\Parcial02\\app\\Views\\peliculas\\edit.php', 25)
 2 SYSTEMPATH\View\View.php(226): include('C:\\xampp\\htdocs\\Parcial02\\app\\Views\\peliculas\\edit.php')
 3 SYSTEMPATH\View\View.php(229): CodeIgniter\View\View->CodeIgniter\View\{closure}()
 4 SYSTEMPATH\Common.php(1188): CodeIgniter\View\View->render('peliculas/edit', [], true)
 5 APPPATH\Controllers\Peliculas.php(63): view('peliculas/edit', [...])
 6 SYSTEMPATH\CodeIgniter.php(919): App\Controllers\Peliculas->editar('5')
 7 SYSTEMPATH\CodeIgniter.php(494): CodeIgniter\CodeIgniter->runController(Object(App\Controllers\Peliculas))
 8 SYSTEMPATH\CodeIgniter.php(353): CodeIgniter\CodeIgniter->handleRequest(null, Object(Config\Cache), false)
 9 FCPATH\index.php(79): CodeIgniter\CodeIgniter->run()
CRITICAL - 2023-10-22 04:48:57 --> Undefined variable $genero
in APPPATH\Views\peliculas\edit.php on line 25.
 1 APPPATH\Views\peliculas\edit.php(25): CodeIgniter\Debug\Exceptions->errorHandler(2, 'Undefined variable $genero', 'C:\\xampp\\htdocs\\Parcial02\\app\\Views\\peliculas\\edit.php', 25)
 2 SYSTEMPATH\View\View.php(226): include('C:\\xampp\\htdocs\\Parcial02\\app\\Views\\peliculas\\edit.php')
 3 SYSTEMPATH\View\View.php(229): CodeIgniter\View\View->CodeIgniter\View\{closure}()
 4 SYSTEMPATH\Common.php(1188): CodeIgniter\View\View->render('peliculas/edit', [], true)
 5 APPPATH\Controllers\Peliculas.php(63): view('peliculas/edit', [...])
 6 SYSTEMPATH\CodeIgniter.php(919): App\Controllers\Peliculas->editar('5')
 7 SYSTEMPATH\CodeIgniter.php(494): CodeIgniter\CodeIgniter->runController(Object(App\Controllers\Peliculas))
 8 SYSTEMPATH\CodeIgniter.php(353): CodeIgniter\CodeIgniter->handleRequest(null, Object(Config\Cache), false)
 9 FCPATH\index.php(79): CodeIgniter\CodeIgniter->run()
CRITICAL - 2023-10-22 04:48:57 --> Undefined variable $genero
in APPPATH\Views\peliculas\edit.php on line 25.
 1 APPPATH\Views\peliculas\edit.php(25): CodeIgniter\Debug\Exceptions->errorHandler(2, 'Undefined variable $genero', 'C:\\xampp\\htdocs\\Parcial02\\app\\Views\\peliculas\\edit.php', 25)
 2 SYSTEMPATH\View\View.php(226): include('C:\\xampp\\htdocs\\Parcial02\\app\\Views\\peliculas\\edit.php')
 3 SYSTEMPATH\View\View.php(229): CodeIgniter\View\View->CodeIgniter\View\{closure}()
 4 SYSTEMPATH\Common.php(1188): CodeIgniter\View\View->render('peliculas/edit', [], true)
 5 APPPATH\Controllers\Peliculas.php(63): view('peliculas/edit', [...])
 6 SYSTEMPATH\CodeIgniter.php(919): App\Controllers\Peliculas->editar('5')
 7 SYSTEMPATH\CodeIgniter.php(494): CodeIgniter\CodeIgniter->runController(Object(App\Controllers\Peliculas))
 8 SYSTEMPATH\CodeIgniter.php(353): CodeIgniter\CodeIgniter->handleRequest(null, Object(Config\Cache), false)
 9 FCPATH\index.php(79): CodeIgniter\CodeIgniter->run()
CRITICAL - 2023-10-22 04:50:41 --> syntax error, unexpected end of file, expecting "elseif" or "else" or "endif"
in APPPATH\Views\peliculas\edit.php on line 63.
 1 SYSTEMPATH\View\View.php(229): CodeIgniter\View\View->CodeIgniter\View\{closure}()
 2 SYSTEMPATH\Common.php(1188): CodeIgniter\View\View->render('peliculas/edit', [], true)
 3 APPPATH\Controllers\Peliculas.php(63): view('peliculas/edit', [...])
 4 SYSTEMPATH\CodeIgniter.php(919): App\Controllers\Peliculas->editar('5')
 5 SYSTEMPATH\CodeIgniter.php(494): CodeIgniter\CodeIgniter->runController(Object(App\Controllers\Peliculas))
 6 SYSTEMPATH\CodeIgniter.php(353): CodeIgniter\CodeIgniter->handleRequest(null, Object(Config\Cache), false)
 7 FCPATH\index.php(79): CodeIgniter\CodeIgniter->run()
CRITICAL - 2023-10-22 04:53:18 --> syntax error, unexpected token "->", expecting variable or "{" or "$"
in APPPATH\Views\peliculas\edit.php on line 25.
 1 SYSTEMPATH\View\View.php(229): CodeIgniter\View\View->CodeIgniter\View\{closure}()
 2 SYSTEMPATH\Common.php(1188): CodeIgniter\View\View->render('peliculas/edit', [], true)
 3 APPPATH\Controllers\Peliculas.php(63): view('peliculas/edit', [...])
 4 SYSTEMPATH\CodeIgniter.php(919): App\Controllers\Peliculas->editar('5')
 5 SYSTEMPATH\CodeIgniter.php(494): CodeIgniter\CodeIgniter->runController(Object(App\Controllers\Peliculas))
 6 SYSTEMPATH\CodeIgniter.php(353): CodeIgniter\CodeIgniter->handleRequest(null, Object(Config\Cache), false)
 7 FCPATH\index.php(79): CodeIgniter\CodeIgniter->run()
CRITICAL - 2023-10-22 04:56:02 --> syntax error, unexpected token "endif", expecting end of file
in APPPATH\Views\peliculas\edit.php on line 32.
 1 SYSTEMPATH\View\View.php(229): CodeIgniter\View\View->CodeIgniter\View\{closure}()
 2 SYSTEMPATH\Common.php(1188): CodeIgniter\View\View->render('peliculas/edit', [], true)
 3 APPPATH\Controllers\Peliculas.php(63): view('peliculas/edit', [...])
 4 SYSTEMPATH\CodeIgniter.php(919): App\Controllers\Peliculas->editar('5')
 5 SYSTEMPATH\CodeIgniter.php(494): CodeIgniter\CodeIgniter->runController(Object(App\Controllers\Peliculas))
 6 SYSTEMPATH\CodeIgniter.php(353): CodeIgniter\CodeIgniter->handleRequest(null, Object(Config\Cache), false)
 7 FCPATH\index.php(79): CodeIgniter\CodeIgniter->run()
CRITICAL - 2023-10-22 04:56:20 --> Undefined variable $genero
in APPPATH\Views\peliculas\edit.php on line 25.
 1 APPPATH\Views\peliculas\edit.php(25): CodeIgniter\Debug\Exceptions->errorHandler(2, 'Undefined variable $genero', 'C:\\xampp\\htdocs\\Parcial02\\app\\Views\\peliculas\\edit.php', 25)
 2 SYSTEMPATH\View\View.php(226): include('C:\\xampp\\htdocs\\Parcial02\\app\\Views\\peliculas\\edit.php')
 3 SYSTEMPATH\View\View.php(229): CodeIgniter\View\View->CodeIgniter\View\{closure}()
 4 SYSTEMPATH\Common.php(1188): CodeIgniter\View\View->render('peliculas/edit', [], true)
 5 APPPATH\Controllers\Peliculas.php(63): view('peliculas/edit', [...])
 6 SYSTEMPATH\CodeIgniter.php(919): App\Controllers\Peliculas->editar('5')
 7 SYSTEMPATH\CodeIgniter.php(494): CodeIgniter\CodeIgniter->runController(Object(App\Controllers\Peliculas))
 8 SYSTEMPATH\CodeIgniter.php(353): CodeIgniter\CodeIgniter->handleRequest(null, Object(Config\Cache), false)
 9 FCPATH\index.php(79): CodeIgniter\CodeIgniter->run()
CRITICAL - 2023-10-22 05:01:45 --> Attempt to read property "nombre" on null
in APPPATH\Views\peliculas\edit.php on line 21.
 1 APPPATH\Views\peliculas\edit.php(21): CodeIgniter\Debug\Exceptions->errorHandler(2, 'Attempt to read property "nombre" on null', 'C:\\xampp\\htdocs\\Parcial02\\app\\Views\\peliculas\\edit.php', 21)
 2 SYSTEMPATH\View\View.php(226): include('C:\\xampp\\htdocs\\Parcial02\\app\\Views\\peliculas\\edit.php')
 3 SYSTEMPATH\View\View.php(229): CodeIgniter\View\View->CodeIgniter\View\{closure}()
 4 SYSTEMPATH\Common.php(1188): CodeIgniter\View\View->render('peliculas/edit', [], true)
 5 APPPATH\Controllers\Peliculas.php(66): view('peliculas/edit', [...])
 6 SYSTEMPATH\CodeIgniter.php(919): App\Controllers\Peliculas->editar('5')
 7 SYSTEMPATH\CodeIgniter.php(494): CodeIgniter\CodeIgniter->runController(Object(App\Controllers\Peliculas))
 8 SYSTEMPATH\CodeIgniter.php(353): CodeIgniter\CodeIgniter->handleRequest(null, Object(Config\Cache), false)
 9 FCPATH\index.php(79): CodeIgniter\CodeIgniter->run()
CRITICAL - 2023-10-22 05:03:39 --> Undefined variable $registro2
in APPPATH\Controllers\Peliculas.php on line 64.
 1 APPPATH\Controllers\Peliculas.php(64): CodeIgniter\Debug\Exceptions->errorHandler(2, 'Undefined variable $registro2', 'C:\\xampp\\htdocs\\Parcial02\\app\\Controllers\\Peliculas.php', 64)
 2 SYSTEMPATH\CodeIgniter.php(919): App\Controllers\Peliculas->editar('5')
 3 SYSTEMPATH\CodeIgniter.php(494): CodeIgniter\CodeIgniter->runController(Object(App\Controllers\Peliculas))
 4 SYSTEMPATH\CodeIgniter.php(353): CodeIgniter\CodeIgniter->handleRequest(null, Object(Config\Cache), false)
 5 FCPATH\index.php(79): CodeIgniter\CodeIgniter->run()
CRITICAL - 2023-10-22 05:08:53 --> Undefined variable $genro
in APPPATH\Controllers\Peliculas.php on line 64.
 1 APPPATH\Controllers\Peliculas.php(64): CodeIgniter\Debug\Exceptions->errorHandler(2, 'Undefined variable $genro', 'C:\\xampp\\htdocs\\Parcial02\\app\\Controllers\\Peliculas.php', 64)
 2 SYSTEMPATH\CodeIgniter.php(919): App\Controllers\Peliculas->editar('5')
 3 SYSTEMPATH\CodeIgniter.php(494): CodeIgniter\CodeIgniter->runController(Object(App\Controllers\Peliculas))
 4 SYSTEMPATH\CodeIgniter.php(353): CodeIgniter\CodeIgniter->handleRequest(null, Object(Config\Cache), false)
 5 FCPATH\index.php(79): CodeIgniter\CodeIgniter->run()
CRITICAL - 2023-10-22 05:11:43 --> Cannot redeclare App\Controllers\Peliculas::editar()
in APPPATH\Controllers\Peliculas.php on line 72.
 1 [internal function]: CodeIgniter\Debug\Exceptions->shutdownHandler()
CRITICAL - 2023-10-22 05:22:20 --> syntax error, unexpected double-quoted string ">Nombre:</label>", expecting "," or ";"
in APPPATH\Views\peliculas\edit.php on line 21.
 1 SYSTEMPATH\View\View.php(229): CodeIgniter\View\View->CodeIgniter\View\{closure}()
 2 SYSTEMPATH\Common.php(1188): CodeIgniter\View\View->render('peliculas/edit', [], true)
 3 APPPATH\Controllers\Peliculas.php(69): view('peliculas/edit', [...])
 4 SYSTEMPATH\CodeIgniter.php(919): App\Controllers\Peliculas->editar('5')
 5 SYSTEMPATH\CodeIgniter.php(494): CodeIgniter\CodeIgniter->runController(Object(App\Controllers\Peliculas))
 6 SYSTEMPATH\CodeIgniter.php(353): CodeIgniter\CodeIgniter->handleRequest(null, Object(Config\Cache), false)
 7 FCPATH\index.php(79): CodeIgniter\CodeIgniter->run()
CRITICAL - 2023-10-22 05:28:46 --> syntax error, unexpected identifier "print_r"
in APPPATH\Controllers\Peliculas.php on line 87.
 1 SYSTEMPATH\Autoloader\Autoloader.php(285): CodeIgniter\Autoloader\Autoloader->includeFile('C:\\xampp\\htdocs\\Parcial02\\app\\Controllers\\Peliculas.php')
 2 SYSTEMPATH\Autoloader\Autoloader.php(263): CodeIgniter\Autoloader\Autoloader->loadInNamespace('App\\Controllers\\Peliculas')
 3 [internal function]: CodeIgniter\Autoloader\Autoloader->loadClass('App\\Controllers\\Peliculas')
 4 SYSTEMPATH\CodeIgniter.php(877): class_exists('\\App\\Controllers\\Peliculas', true)
 5 SYSTEMPATH\CodeIgniter.php(481): CodeIgniter\CodeIgniter->startController()
 6 SYSTEMPATH\CodeIgniter.php(353): CodeIgniter\CodeIgniter->handleRequest(null, Object(Config\Cache), false)
 7 FCPATH\index.php(79): CodeIgniter\CodeIgniter->run()
CRITICAL - 2023-10-22 05:33:18 --> syntax error, unexpected double-quoted string ">Nombre:</label>", expecting "," or ";"
in APPPATH\Views\peliculas\edit.php on line 22.
 1 SYSTEMPATH\View\View.php(229): CodeIgniter\View\View->CodeIgniter\View\{closure}()
 2 SYSTEMPATH\Common.php(1188): CodeIgniter\View\View->render('peliculas/edit', [], true)
 3 APPPATH\Controllers\Peliculas.php(69): view('peliculas/edit', [...])
 4 SYSTEMPATH\CodeIgniter.php(919): App\Controllers\Peliculas->editar('5')
 5 SYSTEMPATH\CodeIgniter.php(494): CodeIgniter\CodeIgniter->runController(Object(App\Controllers\Peliculas))
 6 SYSTEMPATH\CodeIgniter.php(353): CodeIgniter\CodeIgniter->handleRequest(null, Object(Config\Cache), false)
 7 FCPATH\index.php(79): CodeIgniter\CodeIgniter->run()
CRITICAL - 2023-10-22 05:36:51 --> syntax error, unexpected variable "$datos"
in APPPATH\Controllers\Peliculas.php on line 78.
 1 SYSTEMPATH\Autoloader\Autoloader.php(285): CodeIgniter\Autoloader\Autoloader->includeFile('C:\\xampp\\htdocs\\Parcial02\\app\\Controllers\\Peliculas.php')
 2 SYSTEMPATH\Autoloader\Autoloader.php(263): CodeIgniter\Autoloader\Autoloader->loadInNamespace('App\\Controllers\\Peliculas')
 3 [internal function]: CodeIgniter\Autoloader\Autoloader->loadClass('App\\Controllers\\Peliculas')
 4 SYSTEMPATH\CodeIgniter.php(877): class_exists('\\App\\Controllers\\Peliculas', true)
 5 SYSTEMPATH\CodeIgniter.php(481): CodeIgniter\CodeIgniter->startController()
 6 SYSTEMPATH\CodeIgniter.php(353): CodeIgniter\CodeIgniter->handleRequest(null, Object(Config\Cache), false)
 7 FCPATH\index.php(79): CodeIgniter\CodeIgniter->run()
CRITICAL - 2023-10-22 05:52:12 --> Attempt to read property "nombre" on array
in APPPATH\Views\peliculas\edit.php on line 26.
 1 APPPATH\Views\peliculas\edit.php(26): CodeIgniter\Debug\Exceptions->errorHandler(2, 'Attempt to read property "nombre" on array', 'C:\\xampp\\htdocs\\Parcial02\\app\\Views\\peliculas\\edit.php', 26)
 2 SYSTEMPATH\View\View.php(226): include('C:\\xampp\\htdocs\\Parcial02\\app\\Views\\peliculas\\edit.php')
 3 SYSTEMPATH\View\View.php(229): CodeIgniter\View\View->CodeIgniter\View\{closure}()
 4 SYSTEMPATH\Common.php(1188): CodeIgniter\View\View->render('peliculas/edit', [], true)
 5 APPPATH\Controllers\Peliculas.php(69): view('peliculas/edit', [...])
 6 SYSTEMPATH\CodeIgniter.php(919): App\Controllers\Peliculas->editar('6')
 7 SYSTEMPATH\CodeIgniter.php(494): CodeIgniter\CodeIgniter->runController(Object(App\Controllers\Peliculas))
 8 SYSTEMPATH\CodeIgniter.php(353): CodeIgniter\CodeIgniter->handleRequest(null, Object(Config\Cache), false)
 9 FCPATH\index.php(79): CodeIgniter\CodeIgniter->run()
CRITICAL - 2023-10-22 05:52:26 --> Attempt to read property "id" on array
in APPPATH\Views\peliculas\edit.php on line 26.
 1 APPPATH\Views\peliculas\edit.php(26): CodeIgniter\Debug\Exceptions->errorHandler(2, 'Attempt to read property "id" on array', 'C:\\xampp\\htdocs\\Parcial02\\app\\Views\\peliculas\\edit.php', 26)
 2 SYSTEMPATH\View\View.php(226): include('C:\\xampp\\htdocs\\Parcial02\\app\\Views\\peliculas\\edit.php')
 3 SYSTEMPATH\View\View.php(229): CodeIgniter\View\View->CodeIgniter\View\{closure}()
 4 SYSTEMPATH\Common.php(1188): CodeIgniter\View\View->render('peliculas/edit', [], true)
 5 APPPATH\Controllers\Peliculas.php(69): view('peliculas/edit', [...])
 6 SYSTEMPATH\CodeIgniter.php(919): App\Controllers\Peliculas->editar('6')
 7 SYSTEMPATH\CodeIgniter.php(494): CodeIgniter\CodeIgniter->runController(Object(App\Controllers\Peliculas))
 8 SYSTEMPATH\CodeIgniter.php(353): CodeIgniter\CodeIgniter->handleRequest(null, Object(Config\Cache), false)
 9 FCPATH\index.php(79): CodeIgniter\CodeIgniter->run()
CRITICAL - 2023-10-22 05:52:53 --> Undefined array key "id"
in APPPATH\Views\peliculas\edit.php on line 26.
 1 APPPATH\Views\peliculas\edit.php(26): CodeIgniter\Debug\Exceptions->errorHandler(2, 'Undefined array key "id"', 'C:\\xampp\\htdocs\\Parcial02\\app\\Views\\peliculas\\edit.php', 26)
 2 SYSTEMPATH\View\View.php(226): include('C:\\xampp\\htdocs\\Parcial02\\app\\Views\\peliculas\\edit.php')
 3 SYSTEMPATH\View\View.php(229): CodeIgniter\View\View->CodeIgniter\View\{closure}()
 4 SYSTEMPATH\Common.php(1188): CodeIgniter\View\View->render('peliculas/edit', [], true)
 5 APPPATH\Controllers\Peliculas.php(69): view('peliculas/edit', [...])
 6 SYSTEMPATH\CodeIgniter.php(919): App\Controllers\Peliculas->editar('6')
 7 SYSTEMPATH\CodeIgniter.php(494): CodeIgniter\CodeIgniter->runController(Object(App\Controllers\Peliculas))
 8 SYSTEMPATH\CodeIgniter.php(353): CodeIgniter\CodeIgniter->handleRequest(null, Object(Config\Cache), false)
 9 FCPATH\index.php(79): CodeIgniter\CodeIgniter->run()
CRITICAL - 2023-10-22 05:53:02 --> Undefined array key "nombre"
in APPPATH\Views\peliculas\edit.php on line 26.
 1 APPPATH\Views\peliculas\edit.php(26): CodeIgniter\Debug\Exceptions->errorHandler(2, 'Undefined array key "nombre"', 'C:\\xampp\\htdocs\\Parcial02\\app\\Views\\peliculas\\edit.php', 26)
 2 SYSTEMPATH\View\View.php(226): include('C:\\xampp\\htdocs\\Parcial02\\app\\Views\\peliculas\\edit.php')
 3 SYSTEMPATH\View\View.php(229): CodeIgniter\View\View->CodeIgniter\View\{closure}()
 4 SYSTEMPATH\Common.php(1188): CodeIgniter\View\View->render('peliculas/edit', [], true)
 5 APPPATH\Controllers\Peliculas.php(69): view('peliculas/edit', [...])
 6 SYSTEMPATH\CodeIgniter.php(919): App\Controllers\Peliculas->editar('6')
 7 SYSTEMPATH\CodeIgniter.php(494): CodeIgniter\CodeIgniter->runController(Object(App\Controllers\Peliculas))
 8 SYSTEMPATH\CodeIgniter.php(353): CodeIgniter\CodeIgniter->handleRequest(null, Object(Config\Cache), false)
 9 FCPATH\index.php(79): CodeIgniter\CodeIgniter->run()
CRITICAL - 2023-10-22 05:54:28 --> Undefined property: stdClass::$genero
in APPPATH\Views\peliculas\edit.php on line 27.
 1 APPPATH\Views\peliculas\edit.php(27): CodeIgniter\Debug\Exceptions->errorHandler(2, 'Undefined property: stdClass::$genero', 'C:\\xampp\\htdocs\\Parcial02\\app\\Views\\peliculas\\edit.php', 27)
 2 SYSTEMPATH\View\View.php(226): include('C:\\xampp\\htdocs\\Parcial02\\app\\Views\\peliculas\\edit.php')
 3 SYSTEMPATH\View\View.php(229): CodeIgniter\View\View->CodeIgniter\View\{closure}()
 4 SYSTEMPATH\Common.php(1188): CodeIgniter\View\View->render('peliculas/edit', [], true)
 5 APPPATH\Controllers\Peliculas.php(69): view('peliculas/edit', [...])
 6 SYSTEMPATH\CodeIgniter.php(919): App\Controllers\Peliculas->editar('6')
 7 SYSTEMPATH\CodeIgniter.php(494): CodeIgniter\CodeIgniter->runController(Object(App\Controllers\Peliculas))
 8 SYSTEMPATH\CodeIgniter.php(353): CodeIgniter\CodeIgniter->handleRequest(null, Object(Config\Cache), false)
 9 FCPATH\index.php(79): CodeIgniter\CodeIgniter->run()
CRITICAL - 2023-10-22 05:54:31 --> Undefined property: stdClass::$genero
in APPPATH\Views\peliculas\edit.php on line 27.
 1 APPPATH\Views\peliculas\edit.php(27): CodeIgniter\Debug\Exceptions->errorHandler(2, 'Undefined property: stdClass::$genero', 'C:\\xampp\\htdocs\\Parcial02\\app\\Views\\peliculas\\edit.php', 27)
 2 SYSTEMPATH\View\View.php(226): include('C:\\xampp\\htdocs\\Parcial02\\app\\Views\\peliculas\\edit.php')
 3 SYSTEMPATH\View\View.php(229): CodeIgniter\View\View->CodeIgniter\View\{closure}()
 4 SYSTEMPATH\Common.php(1188): CodeIgniter\View\View->render('peliculas/edit', [], true)
 5 APPPATH\Controllers\Peliculas.php(69): view('peliculas/edit', [...])
 6 SYSTEMPATH\CodeIgniter.php(919): App\Controllers\Peliculas->editar('6')
 7 SYSTEMPATH\CodeIgniter.php(494): CodeIgniter\CodeIgniter->runController(Object(App\Controllers\Peliculas))
 8 SYSTEMPATH\CodeIgniter.php(353): CodeIgniter\CodeIgniter->handleRequest(null, Object(Config\Cache), false)
 9 FCPATH\index.php(79): CodeIgniter\CodeIgniter->run()
CRITICAL - 2023-10-22 05:54:34 --> Undefined property: stdClass::$genero
in APPPATH\Views\peliculas\edit.php on line 27.
 1 APPPATH\Views\peliculas\edit.php(27): CodeIgniter\Debug\Exceptions->errorHandler(2, 'Undefined property: stdClass::$genero', 'C:\\xampp\\htdocs\\Parcial02\\app\\Views\\peliculas\\edit.php', 27)
 2 SYSTEMPATH\View\View.php(226): include('C:\\xampp\\htdocs\\Parcial02\\app\\Views\\peliculas\\edit.php')
 3 SYSTEMPATH\View\View.php(229): CodeIgniter\View\View->CodeIgniter\View\{closure}()
 4 SYSTEMPATH\Common.php(1188): CodeIgniter\View\View->render('peliculas/edit', [], true)
 5 APPPATH\Controllers\Peliculas.php(69): view('peliculas/edit', [...])
 6 SYSTEMPATH\CodeIgniter.php(919): App\Controllers\Peliculas->editar('6')
 7 SYSTEMPATH\CodeIgniter.php(494): CodeIgniter\CodeIgniter->runController(Object(App\Controllers\Peliculas))
 8 SYSTEMPATH\CodeIgniter.php(353): CodeIgniter\CodeIgniter->handleRequest(null, Object(Config\Cache), false)
 9 FCPATH\index.php(79): CodeIgniter\CodeIgniter->run()
CRITICAL - 2023-10-22 06:00:32 --> syntax error, unexpected token "endif", expecting end of file
in APPPATH\Views\peliculas\edit.php on line 32.
 1 SYSTEMPATH\View\View.php(229): CodeIgniter\View\View->CodeIgniter\View\{closure}()
 2 SYSTEMPATH\Common.php(1188): CodeIgniter\View\View->render('peliculas/edit', [], true)
 3 APPPATH\Controllers\Peliculas.php(69): view('peliculas/edit', [...])
 4 SYSTEMPATH\CodeIgniter.php(919): App\Controllers\Peliculas->editar('6')
 5 SYSTEMPATH\CodeIgniter.php(494): CodeIgniter\CodeIgniter->runController(Object(App\Controllers\Peliculas))
 6 SYSTEMPATH\CodeIgniter.php(353): CodeIgniter\CodeIgniter->handleRequest(null, Object(Config\Cache), false)
 7 FCPATH\index.php(79): CodeIgniter\CodeIgniter->run()
CRITICAL - 2023-10-22 06:06:24 --> Attempt to read property "id_popularidad" on array
in APPPATH\Controllers\Peliculas.php on line 67.
 1 APPPATH\Controllers\Peliculas.php(67): CodeIgniter\Debug\Exceptions->errorHandler(2, 'Attempt to read property "id_popularidad" on array', 'C:\\xampp\\htdocs\\Parcial02\\app\\Controllers\\Peliculas.php', 67)
 2 SYSTEMPATH\CodeIgniter.php(919): App\Controllers\Peliculas->editar('5')
 3 SYSTEMPATH\CodeIgniter.php(494): CodeIgniter\CodeIgniter->runController(Object(App\Controllers\Peliculas))
 4 SYSTEMPATH\CodeIgniter.php(353): CodeIgniter\CodeIgniter->handleRequest(null, Object(Config\Cache), false)
 5 FCPATH\index.php(79): CodeIgniter\CodeIgniter->run()
CRITICAL - 2023-10-22 06:08:52 --> Attempt to read property "id_genero" on array
in APPPATH\Controllers\Peliculas.php on line 66.
 1 APPPATH\Controllers\Peliculas.php(66): CodeIgniter\Debug\Exceptions->errorHandler(2, 'Attempt to read property "id_genero" on array', 'C:\\xampp\\htdocs\\Parcial02\\app\\Controllers\\Peliculas.php', 66)
 2 SYSTEMPATH\CodeIgniter.php(919): App\Controllers\Peliculas->editar('5')
 3 SYSTEMPATH\CodeIgniter.php(494): CodeIgniter\CodeIgniter->runController(Object(App\Controllers\Peliculas))
 4 SYSTEMPATH\CodeIgniter.php(353): CodeIgniter\CodeIgniter->handleRequest(null, Object(Config\Cache), false)
 5 FCPATH\index.php(79): CodeIgniter\CodeIgniter->run()
CRITICAL - 2023-10-22 06:16:14 --> Undefined variable $peliculapuntuacion
in APPPATH\Views\peliculas\edit.php on line 37.
 1 APPPATH\Views\peliculas\edit.php(37): CodeIgniter\Debug\Exceptions->errorHandler(2, 'Undefined variable $peliculapuntuacion', 'C:\\xampp\\htdocs\\Parcial02\\app\\Views\\peliculas\\edit.php', 37)
 2 SYSTEMPATH\View\View.php(226): include('C:\\xampp\\htdocs\\Parcial02\\app\\Views\\peliculas\\edit.php')
 3 SYSTEMPATH\View\View.php(229): CodeIgniter\View\View->CodeIgniter\View\{closure}()
 4 SYSTEMPATH\Common.php(1188): CodeIgniter\View\View->render('peliculas/edit', [], true)
 5 APPPATH\Controllers\Peliculas.php(70): view('peliculas/edit', [...])
 6 SYSTEMPATH\CodeIgniter.php(919): App\Controllers\Peliculas->editar('5')
 7 SYSTEMPATH\CodeIgniter.php(494): CodeIgniter\CodeIgniter->runController(Object(App\Controllers\Peliculas))
 8 SYSTEMPATH\CodeIgniter.php(353): CodeIgniter\CodeIgniter->handleRequest(null, Object(Config\Cache), false)
 9 FCPATH\index.php(79): CodeIgniter\CodeIgniter->run()
CRITICAL - 2023-10-22 06:16:24 --> Cannot use object of type stdClass as array
in APPPATH\Views\peliculas\edit.php on line 37.
 1 SYSTEMPATH\View\View.php(226): include()
 2 SYSTEMPATH\View\View.php(229): CodeIgniter\View\View->CodeIgniter\View\{closure}()
 3 SYSTEMPATH\Common.php(1188): CodeIgniter\View\View->render('peliculas/edit', [], true)
 4 APPPATH\Controllers\Peliculas.php(70): view('peliculas/edit', [...])
 5 SYSTEMPATH\CodeIgniter.php(919): App\Controllers\Peliculas->editar('5')
 6 SYSTEMPATH\CodeIgniter.php(494): CodeIgniter\CodeIgniter->runController(Object(App\Controllers\Peliculas))
 7 SYSTEMPATH\CodeIgniter.php(353): CodeIgniter\CodeIgniter->handleRequest(null, Object(Config\Cache), false)
 8 FCPATH\index.php(79): CodeIgniter\CodeIgniter->run()
