CRITICAL - 2023-10-19 22:05:37 --> Undefined variable $genero
in APPPATH\Views\peliculas\new.php on line 25.
 1 APPPATH\Views\peliculas\new.php(25): CodeIgniter\Debug\Exceptions->errorHandler(2, 'Undefined variable $genero', 'C:\\xampp\\htdocs\\Parcial02\\app\\Views\\peliculas\\new.php', 25)
 2 SYSTEMPATH\View\View.php(226): include('C:\\xampp\\htdocs\\Parcial02\\app\\Views\\peliculas\\new.php')
 3 SYSTEMPATH\View\View.php(229): CodeIgniter\View\View->CodeIgniter\View\{closure}()
 4 SYSTEMPATH\Common.php(1188): CodeIgniter\View\View->render('peliculas/new', [], true)
 5 APPPATH\Controllers\Peliculas.php(21): view('peliculas/new')
 6 SYSTEMPATH\CodeIgniter.php(919): App\Controllers\Peliculas->getNuevo()
 7 SYSTEMPATH\CodeIgniter.php(494): CodeIgniter\CodeIgniter->runController(Object(App\Controllers\Peliculas))
 8 SYSTEMPATH\CodeIgniter.php(353): CodeIgniter\CodeIgniter->handleRequest(null, Object(Config\Cache), false)
 9 FCPATH\index.php(79): CodeIgniter\CodeIgniter->run()
CRITICAL - 2023-10-19 22:26:43 --> Undefined variable $genero
in APPPATH\Views\peliculas\new.php on line 25.
 1 APPPATH\Views\peliculas\new.php(25): CodeIgniter\Debug\Exceptions->errorHandler(2, 'Undefined variable $genero', 'C:\\xampp\\htdocs\\Parcial02\\app\\Views\\peliculas\\new.php', 25)
 2 SYSTEMPATH\View\View.php(226): include('C:\\xampp\\htdocs\\Parcial02\\app\\Views\\peliculas\\new.php')
 3 SYSTEMPATH\View\View.php(229): CodeIgniter\View\View->CodeIgniter\View\{closure}()
 4 SYSTEMPATH\Common.php(1188): CodeIgniter\View\View->render('peliculas/new', [], true)
 5 APPPATH\Controllers\Peliculas.php(21): view('peliculas/new')
 6 SYSTEMPATH\CodeIgniter.php(919): App\Controllers\Peliculas->getNuevo()
 7 SYSTEMPATH\CodeIgniter.php(494): CodeIgniter\CodeIgniter->runController(Object(App\Controllers\Peliculas))
 8 SYSTEMPATH\CodeIgniter.php(353): CodeIgniter\CodeIgniter->handleRequest(null, Object(Config\Cache), false)
 9 FCPATH\index.php(79): CodeIgniter\CodeIgniter->run()
CRITICAL - 2023-10-19 22:33:34 --> Undefined property: stdClass::$name
in APPPATH\Views\genero\view.php on line 32.
 1 APPPATH\Views\genero\view.php(32): CodeIgniter\Debug\Exceptions->errorHandler(2, 'Undefined property: stdClass::$name', 'C:\\xampp\\htdocs\\Parcial02\\app\\Views\\genero\\view.php', 32)
 2 SYSTEMPATH\View\View.php(226): include('C:\\xampp\\htdocs\\Parcial02\\app\\Views\\genero\\view.php')
 3 SYSTEMPATH\View\View.php(229): CodeIgniter\View\View->CodeIgniter\View\{closure}()
 4 SYSTEMPATH\Common.php(1188): CodeIgniter\View\View->render('genero/view', [], true)
 5 APPPATH\Controllers\Genero.php(13): view('genero/view', [...])
 6 SYSTEMPATH\CodeIgniter.php(919): App\Controllers\Genero->getIndex()
 7 SYSTEMPATH\CodeIgniter.php(494): CodeIgniter\CodeIgniter->runController(Object(App\Controllers\Genero))
 8 SYSTEMPATH\CodeIgniter.php(353): CodeIgniter\CodeIgniter->handleRequest(null, Object(Config\Cache), false)
 9 FCPATH\index.php(79): CodeIgniter\CodeIgniter->run()
CRITICAL - 2023-10-19 22:34:05 --> Undefined property: stdClass::$nombre
in APPPATH\Views\genero\view.php on line 32.
 1 APPPATH\Views\genero\view.php(32): CodeIgniter\Debug\Exceptions->errorHandler(2, 'Undefined property: stdClass::$nombre', 'C:\\xampp\\htdocs\\Parcial02\\app\\Views\\genero\\view.php', 32)
 2 SYSTEMPATH\View\View.php(226): include('C:\\xampp\\htdocs\\Parcial02\\app\\Views\\genero\\view.php')
 3 SYSTEMPATH\View\View.php(229): CodeIgniter\View\View->CodeIgniter\View\{closure}()
 4 SYSTEMPATH\Common.php(1188): CodeIgniter\View\View->render('genero/view', [], true)
 5 APPPATH\Controllers\Genero.php(13): view('genero/view', [...])
 6 SYSTEMPATH\CodeIgniter.php(919): App\Controllers\Genero->getIndex()
 7 SYSTEMPATH\CodeIgniter.php(494): CodeIgniter\CodeIgniter->runController(Object(App\Controllers\Genero))
 8 SYSTEMPATH\CodeIgniter.php(353): CodeIgniter\CodeIgniter->handleRequest(null, Object(Config\Cache), false)
 9 FCPATH\index.php(79): CodeIgniter\CodeIgniter->run()
CRITICAL - 2023-10-19 22:36:03 --> Undefined property: stdClass::$nombre
in APPPATH\Views\genero\view.php on line 34.
 1 APPPATH\Views\genero\view.php(34): CodeIgniter\Debug\Exceptions->errorHandler(2, 'Undefined property: stdClass::$nombre', 'C:\\xampp\\htdocs\\Parcial02\\app\\Views\\genero\\view.php', 34)
 2 SYSTEMPATH\View\View.php(226): include('C:\\xampp\\htdocs\\Parcial02\\app\\Views\\genero\\view.php')
 3 SYSTEMPATH\View\View.php(229): CodeIgniter\View\View->CodeIgniter\View\{closure}()
 4 SYSTEMPATH\Common.php(1188): CodeIgniter\View\View->render('genero/view', [], true)
 5 APPPATH\Controllers\Genero.php(13): view('genero/view', [...])
 6 SYSTEMPATH\CodeIgniter.php(919): App\Controllers\Genero->getIndex()
 7 SYSTEMPATH\CodeIgniter.php(494): CodeIgniter\CodeIgniter->runController(Object(App\Controllers\Genero))
 8 SYSTEMPATH\CodeIgniter.php(353): CodeIgniter\CodeIgniter->handleRequest(null, Object(Config\Cache), false)
 9 FCPATH\index.php(79): CodeIgniter\CodeIgniter->run()
CRITICAL - 2023-10-19 22:37:47 --> Undefined variable $genero
in APPPATH\Views\peliculas\new.php on line 25.
 1 APPPATH\Views\peliculas\new.php(25): CodeIgniter\Debug\Exceptions->errorHandler(2, 'Undefined variable $genero', 'C:\\xampp\\htdocs\\Parcial02\\app\\Views\\peliculas\\new.php', 25)
 2 SYSTEMPATH\View\View.php(226): include('C:\\xampp\\htdocs\\Parcial02\\app\\Views\\peliculas\\new.php')
 3 SYSTEMPATH\View\View.php(229): CodeIgniter\View\View->CodeIgniter\View\{closure}()
 4 SYSTEMPATH\Common.php(1188): CodeIgniter\View\View->render('peliculas/new', [], true)
 5 APPPATH\Controllers\Peliculas.php(21): view('peliculas/new')
 6 SYSTEMPATH\CodeIgniter.php(919): App\Controllers\Peliculas->getNuevo()
 7 SYSTEMPATH\CodeIgniter.php(494): CodeIgniter\CodeIgniter->runController(Object(App\Controllers\Peliculas))
 8 SYSTEMPATH\CodeIgniter.php(353): CodeIgniter\CodeIgniter->handleRequest(null, Object(Config\Cache), false)
 9 FCPATH\index.php(79): CodeIgniter\CodeIgniter->run()
CRITICAL - 2023-10-19 22:39:28 --> Undefined variable $genero
in APPPATH\Views\peliculas\new.php on line 25.
 1 APPPATH\Views\peliculas\new.php(25): CodeIgniter\Debug\Exceptions->errorHandler(2, 'Undefined variable $genero', 'C:\\xampp\\htdocs\\Parcial02\\app\\Views\\peliculas\\new.php', 25)
 2 SYSTEMPATH\View\View.php(226): include('C:\\xampp\\htdocs\\Parcial02\\app\\Views\\peliculas\\new.php')
 3 SYSTEMPATH\View\View.php(229): CodeIgniter\View\View->CodeIgniter\View\{closure}()
 4 SYSTEMPATH\Common.php(1188): CodeIgniter\View\View->render('peliculas/new', [], true)
 5 APPPATH\Controllers\Peliculas.php(21): view('peliculas/new')
 6 SYSTEMPATH\CodeIgniter.php(919): App\Controllers\Peliculas->getNuevo()
 7 SYSTEMPATH\CodeIgniter.php(494): CodeIgniter\CodeIgniter->runController(Object(App\Controllers\Peliculas))
 8 SYSTEMPATH\CodeIgniter.php(353): CodeIgniter\CodeIgniter->handleRequest(null, Object(Config\Cache), false)
 9 FCPATH\index.php(79): CodeIgniter\CodeIgniter->run()
CRITICAL - 2023-10-19 22:39:29 --> Undefined variable $genero
in APPPATH\Views\peliculas\new.php on line 25.
 1 APPPATH\Views\peliculas\new.php(25): CodeIgniter\Debug\Exceptions->errorHandler(2, 'Undefined variable $genero', 'C:\\xampp\\htdocs\\Parcial02\\app\\Views\\peliculas\\new.php', 25)
 2 SYSTEMPATH\View\View.php(226): include('C:\\xampp\\htdocs\\Parcial02\\app\\Views\\peliculas\\new.php')
 3 SYSTEMPATH\View\View.php(229): CodeIgniter\View\View->CodeIgniter\View\{closure}()
 4 SYSTEMPATH\Common.php(1188): CodeIgniter\View\View->render('peliculas/new', [], true)
 5 APPPATH\Controllers\Peliculas.php(21): view('peliculas/new')
 6 SYSTEMPATH\CodeIgniter.php(919): App\Controllers\Peliculas->getNuevo()
 7 SYSTEMPATH\CodeIgniter.php(494): CodeIgniter\CodeIgniter->runController(Object(App\Controllers\Peliculas))
 8 SYSTEMPATH\CodeIgniter.php(353): CodeIgniter\CodeIgniter->handleRequest(null, Object(Config\Cache), false)
 9 FCPATH\index.php(79): CodeIgniter\CodeIgniter->run()
CRITICAL - 2023-10-19 22:42:22 --> Undefined variable $genero
in APPPATH\Views\peliculas\new.php on line 25.
 1 APPPATH\Views\peliculas\new.php(25): CodeIgniter\Debug\Exceptions->errorHandler(2, 'Undefined variable $genero', 'C:\\xampp\\htdocs\\Parcial02\\app\\Views\\peliculas\\new.php', 25)
 2 SYSTEMPATH\View\View.php(226): include('C:\\xampp\\htdocs\\Parcial02\\app\\Views\\peliculas\\new.php')
 3 SYSTEMPATH\View\View.php(229): CodeIgniter\View\View->CodeIgniter\View\{closure}()
 4 SYSTEMPATH\Common.php(1188): CodeIgniter\View\View->render('peliculas/new', [], true)
 5 APPPATH\Controllers\Peliculas.php(21): view('peliculas/new')
 6 SYSTEMPATH\CodeIgniter.php(919): App\Controllers\Peliculas->getNuevo()
 7 SYSTEMPATH\CodeIgniter.php(494): CodeIgniter\CodeIgniter->runController(Object(App\Controllers\Peliculas))
 8 SYSTEMPATH\CodeIgniter.php(353): CodeIgniter\CodeIgniter->handleRequest(null, Object(Config\Cache), false)
 9 FCPATH\index.php(79): CodeIgniter\CodeIgniter->run()
ERROR - 2023-10-19 22:44:48 --> mysqli_sql_exception: Not unique table/alias: 'genero' in C:\xampp\htdocs\Parcial02\system\Database\MySQLi\Connection.php:306
Stack trace:
#0 C:\xampp\htdocs\Parcial02\system\Database\MySQLi\Connection.php(306): mysqli->query('SELECT `genero`...', 0)
#1 C:\xampp\htdocs\Parcial02\system\Database\BaseConnection.php(692): CodeIgniter\Database\MySQLi\Connection->execute('SELECT `genero`...')
#2 C:\xampp\htdocs\Parcial02\system\Database\BaseConnection.php(606): CodeIgniter\Database\BaseConnection->simpleQuery('SELECT `genero`...')
#3 C:\xampp\htdocs\Parcial02\system\Database\BaseBuilder.php(1615): CodeIgniter\Database\BaseConnection->query('SELECT `genero`...', Array, false)
#4 C:\xampp\htdocs\Parcial02\app\Models\GeneroModel.php(33): CodeIgniter\Database\BaseBuilder->get()
#5 C:\xampp\htdocs\Parcial02\app\Controllers\Genero.php(12): App\Models\GeneroModel->BuscarTodos()
#6 C:\xampp\htdocs\Parcial02\system\CodeIgniter.php(919): App\Controllers\Genero->getIndex()
#7 C:\xampp\htdocs\Parcial02\system\CodeIgniter.php(494): CodeIgniter\CodeIgniter->runController(Object(App\Controllers\Genero))
#8 C:\xampp\htdocs\Parcial02\system\CodeIgniter.php(353): CodeIgniter\CodeIgniter->handleRequest(NULL, Object(Config\Cache), false)
#9 C:\xampp\htdocs\Parcial02\public\index.php(79): CodeIgniter\CodeIgniter->run()
#10 {main}
CRITICAL - 2023-10-19 22:44:48 --> Not unique table/alias: 'genero'
in SYSTEMPATH\Database\BaseConnection.php on line 646.
 1 SYSTEMPATH\Database\BaseBuilder.php(1615): CodeIgniter\Database\BaseConnection->query('SELECT `genero`.`id`, `genero`.`nombre` as `nombre`, `genero`.`descripcion`, `genero`.`creado`
FROM `genero`
JOIN `genero` ON `genero`.`id`=`pelicula`.`id_genero`', [], false)
 2 APPPATH\Models\GeneroModel.php(33): CodeIgniter\Database\BaseBuilder->get()
 3 APPPATH\Controllers\Genero.php(12): App\Models\GeneroModel->BuscarTodos()
 4 SYSTEMPATH\CodeIgniter.php(919): App\Controllers\Genero->getIndex()
 5 SYSTEMPATH\CodeIgniter.php(494): CodeIgniter\CodeIgniter->runController(Object(App\Controllers\Genero))
 6 SYSTEMPATH\CodeIgniter.php(353): CodeIgniter\CodeIgniter->handleRequest(null, Object(Config\Cache), false)
 7 FCPATH\index.php(79): CodeIgniter\CodeIgniter->run()
CRITICAL - 2023-10-19 22:45:22 --> Undefined variable $genero
in APPPATH\Views\peliculas\new.php on line 25.
 1 APPPATH\Views\peliculas\new.php(25): CodeIgniter\Debug\Exceptions->errorHandler(2, 'Undefined variable $genero', 'C:\\xampp\\htdocs\\Parcial02\\app\\Views\\peliculas\\new.php', 25)
 2 SYSTEMPATH\View\View.php(226): include('C:\\xampp\\htdocs\\Parcial02\\app\\Views\\peliculas\\new.php')
 3 SYSTEMPATH\View\View.php(229): CodeIgniter\View\View->CodeIgniter\View\{closure}()
 4 SYSTEMPATH\Common.php(1188): CodeIgniter\View\View->render('peliculas/new', [], true)
 5 APPPATH\Controllers\Peliculas.php(21): view('peliculas/new')
 6 SYSTEMPATH\CodeIgniter.php(919): App\Controllers\Peliculas->getNuevo()
 7 SYSTEMPATH\CodeIgniter.php(494): CodeIgniter\CodeIgniter->runController(Object(App\Controllers\Peliculas))
 8 SYSTEMPATH\CodeIgniter.php(353): CodeIgniter\CodeIgniter->handleRequest(null, Object(Config\Cache), false)
 9 FCPATH\index.php(79): CodeIgniter\CodeIgniter->run()
CRITICAL - 2023-10-19 22:48:14 --> Undefined variable $genero
in APPPATH\Views\peliculas\new.php on line 25.
 1 APPPATH\Views\peliculas\new.php(25): CodeIgniter\Debug\Exceptions->errorHandler(2, 'Undefined variable $genero', 'C:\\xampp\\htdocs\\Parcial02\\app\\Views\\peliculas\\new.php', 25)
 2 SYSTEMPATH\View\View.php(226): include('C:\\xampp\\htdocs\\Parcial02\\app\\Views\\peliculas\\new.php')
 3 SYSTEMPATH\View\View.php(229): CodeIgniter\View\View->CodeIgniter\View\{closure}()
 4 SYSTEMPATH\Common.php(1188): CodeIgniter\View\View->render('peliculas/new', [], true)
 5 APPPATH\Controllers\Peliculas.php(22): view('peliculas/new')
 6 SYSTEMPATH\CodeIgniter.php(919): App\Controllers\Peliculas->getNuevo()
 7 SYSTEMPATH\CodeIgniter.php(494): CodeIgniter\CodeIgniter->runController(Object(App\Controllers\Peliculas))
 8 SYSTEMPATH\CodeIgniter.php(353): CodeIgniter\CodeIgniter->handleRequest(null, Object(Config\Cache), false)
 9 FCPATH\index.php(79): CodeIgniter\CodeIgniter->run()
CRITICAL - 2023-10-19 22:48:25 --> Undefined variable $genero
in APPPATH\Views\peliculas\new.php on line 25.
 1 APPPATH\Views\peliculas\new.php(25): CodeIgniter\Debug\Exceptions->errorHandler(2, 'Undefined variable $genero', 'C:\\xampp\\htdocs\\Parcial02\\app\\Views\\peliculas\\new.php', 25)
 2 SYSTEMPATH\View\View.php(226): include('C:\\xampp\\htdocs\\Parcial02\\app\\Views\\peliculas\\new.php')
 3 SYSTEMPATH\View\View.php(229): CodeIgniter\View\View->CodeIgniter\View\{closure}()
 4 SYSTEMPATH\Common.php(1188): CodeIgniter\View\View->render('peliculas/new', [], true)
 5 APPPATH\Controllers\Peliculas.php(22): view('peliculas/new')
 6 SYSTEMPATH\CodeIgniter.php(919): App\Controllers\Peliculas->getNuevo()
 7 SYSTEMPATH\CodeIgniter.php(494): CodeIgniter\CodeIgniter->runController(Object(App\Controllers\Peliculas))
 8 SYSTEMPATH\CodeIgniter.php(353): CodeIgniter\CodeIgniter->handleRequest(null, Object(Config\Cache), false)
 9 FCPATH\index.php(79): CodeIgniter\CodeIgniter->run()
CRITICAL - 2023-10-19 22:48:59 --> Undefined variable $genero
in APPPATH\Views\peliculas\new.php on line 25.
 1 APPPATH\Views\peliculas\new.php(25): CodeIgniter\Debug\Exceptions->errorHandler(2, 'Undefined variable $genero', 'C:\\xampp\\htdocs\\Parcial02\\app\\Views\\peliculas\\new.php', 25)
 2 SYSTEMPATH\View\View.php(226): include('C:\\xampp\\htdocs\\Parcial02\\app\\Views\\peliculas\\new.php')
 3 SYSTEMPATH\View\View.php(229): CodeIgniter\View\View->CodeIgniter\View\{closure}()
 4 SYSTEMPATH\Common.php(1188): CodeIgniter\View\View->render('peliculas/new', [], true)
 5 APPPATH\Controllers\Peliculas.php(21): view('peliculas/new')
 6 SYSTEMPATH\CodeIgniter.php(919): App\Controllers\Peliculas->getNuevo()
 7 SYSTEMPATH\CodeIgniter.php(494): CodeIgniter\CodeIgniter->runController(Object(App\Controllers\Peliculas))
 8 SYSTEMPATH\CodeIgniter.php(353): CodeIgniter\CodeIgniter->handleRequest(null, Object(Config\Cache), false)
 9 FCPATH\index.php(79): CodeIgniter\CodeIgniter->run()
CRITICAL - 2023-10-19 22:49:11 --> Undefined variable $genero
in APPPATH\Views\peliculas\new.php on line 25.
 1 APPPATH\Views\peliculas\new.php(25): CodeIgniter\Debug\Exceptions->errorHandler(2, 'Undefined variable $genero', 'C:\\xampp\\htdocs\\Parcial02\\app\\Views\\peliculas\\new.php', 25)
 2 SYSTEMPATH\View\View.php(226): include('C:\\xampp\\htdocs\\Parcial02\\app\\Views\\peliculas\\new.php')
 3 SYSTEMPATH\View\View.php(229): CodeIgniter\View\View->CodeIgniter\View\{closure}()
 4 SYSTEMPATH\Common.php(1188): CodeIgniter\View\View->render('peliculas/new', [], true)
 5 APPPATH\Controllers\Peliculas.php(21): view('peliculas/new')
 6 SYSTEMPATH\CodeIgniter.php(919): App\Controllers\Peliculas->getNuevo()
 7 SYSTEMPATH\CodeIgniter.php(494): CodeIgniter\CodeIgniter->runController(Object(App\Controllers\Peliculas))
 8 SYSTEMPATH\CodeIgniter.php(353): CodeIgniter\CodeIgniter->handleRequest(null, Object(Config\Cache), false)
 9 FCPATH\index.php(79): CodeIgniter\CodeIgniter->run()
CRITICAL - 2023-10-19 22:51:54 --> Undefined variable $genero
in APPPATH\Views\peliculas\new.php on line 25.
 1 APPPATH\Views\peliculas\new.php(25): CodeIgniter\Debug\Exceptions->errorHandler(2, 'Undefined variable $genero', 'C:\\xampp\\htdocs\\Parcial02\\app\\Views\\peliculas\\new.php', 25)
 2 SYSTEMPATH\View\View.php(226): include('C:\\xampp\\htdocs\\Parcial02\\app\\Views\\peliculas\\new.php')
 3 SYSTEMPATH\View\View.php(229): CodeIgniter\View\View->CodeIgniter\View\{closure}()
 4 SYSTEMPATH\Common.php(1188): CodeIgniter\View\View->render('peliculas/new', [], true)
 5 APPPATH\Controllers\Peliculas.php(21): view('peliculas/new')
 6 SYSTEMPATH\CodeIgniter.php(919): App\Controllers\Peliculas->getNuevo()
 7 SYSTEMPATH\CodeIgniter.php(494): CodeIgniter\CodeIgniter->runController(Object(App\Controllers\Peliculas))
 8 SYSTEMPATH\CodeIgniter.php(353): CodeIgniter\CodeIgniter->handleRequest(null, Object(Config\Cache), false)
 9 FCPATH\index.php(79): CodeIgniter\CodeIgniter->run()
CRITICAL - 2023-10-19 22:53:01 --> Undefined variable $genero
in APPPATH\Views\peliculas\new.php on line 25.
 1 APPPATH\Views\peliculas\new.php(25): CodeIgniter\Debug\Exceptions->errorHandler(2, 'Undefined variable $genero', 'C:\\xampp\\htdocs\\Parcial02\\app\\Views\\peliculas\\new.php', 25)
 2 SYSTEMPATH\View\View.php(226): include('C:\\xampp\\htdocs\\Parcial02\\app\\Views\\peliculas\\new.php')
 3 SYSTEMPATH\View\View.php(229): CodeIgniter\View\View->CodeIgniter\View\{closure}()
 4 SYSTEMPATH\Common.php(1188): CodeIgniter\View\View->render('peliculas/new', [], true)
 5 APPPATH\Controllers\Peliculas.php(21): view('peliculas/new')
 6 SYSTEMPATH\CodeIgniter.php(919): App\Controllers\Peliculas->getNuevo()
 7 SYSTEMPATH\CodeIgniter.php(494): CodeIgniter\CodeIgniter->runController(Object(App\Controllers\Peliculas))
 8 SYSTEMPATH\CodeIgniter.php(353): CodeIgniter\CodeIgniter->handleRequest(null, Object(Config\Cache), false)
 9 FCPATH\index.php(79): CodeIgniter\CodeIgniter->run()
CRITICAL - 2023-10-19 22:53:07 --> Undefined variable $genero
in APPPATH\Views\peliculas\new.php on line 25.
 1 APPPATH\Views\peliculas\new.php(25): CodeIgniter\Debug\Exceptions->errorHandler(2, 'Undefined variable $genero', 'C:\\xampp\\htdocs\\Parcial02\\app\\Views\\peliculas\\new.php', 25)
 2 SYSTEMPATH\View\View.php(226): include('C:\\xampp\\htdocs\\Parcial02\\app\\Views\\peliculas\\new.php')
 3 SYSTEMPATH\View\View.php(229): CodeIgniter\View\View->CodeIgniter\View\{closure}()
 4 SYSTEMPATH\Common.php(1188): CodeIgniter\View\View->render('peliculas/new', [], true)
 5 APPPATH\Controllers\Peliculas.php(21): view('peliculas/new')
 6 SYSTEMPATH\CodeIgniter.php(919): App\Controllers\Peliculas->getNuevo()
 7 SYSTEMPATH\CodeIgniter.php(494): CodeIgniter\CodeIgniter->runController(Object(App\Controllers\Peliculas))
 8 SYSTEMPATH\CodeIgniter.php(353): CodeIgniter\CodeIgniter->handleRequest(null, Object(Config\Cache), false)
 9 FCPATH\index.php(79): CodeIgniter\CodeIgniter->run()
CRITICAL - 2023-10-19 22:53:10 --> Undefined variable $genero
in APPPATH\Views\peliculas\new.php on line 25.
 1 APPPATH\Views\peliculas\new.php(25): CodeIgniter\Debug\Exceptions->errorHandler(2, 'Undefined variable $genero', 'C:\\xampp\\htdocs\\Parcial02\\app\\Views\\peliculas\\new.php', 25)
 2 SYSTEMPATH\View\View.php(226): include('C:\\xampp\\htdocs\\Parcial02\\app\\Views\\peliculas\\new.php')
 3 SYSTEMPATH\View\View.php(229): CodeIgniter\View\View->CodeIgniter\View\{closure}()
 4 SYSTEMPATH\Common.php(1188): CodeIgniter\View\View->render('peliculas/new', [], true)
 5 APPPATH\Controllers\Peliculas.php(21): view('peliculas/new')
 6 SYSTEMPATH\CodeIgniter.php(919): App\Controllers\Peliculas->getNuevo()
 7 SYSTEMPATH\CodeIgniter.php(494): CodeIgniter\CodeIgniter->runController(Object(App\Controllers\Peliculas))
 8 SYSTEMPATH\CodeIgniter.php(353): CodeIgniter\CodeIgniter->handleRequest(null, Object(Config\Cache), false)
 9 FCPATH\index.php(79): CodeIgniter\CodeIgniter->run()
CRITICAL - 2023-10-19 22:53:49 --> Undefined variable $genero
in APPPATH\Views\peliculas\new.php on line 25.
 1 APPPATH\Views\peliculas\new.php(25): CodeIgniter\Debug\Exceptions->errorHandler(2, 'Undefined variable $genero', 'C:\\xampp\\htdocs\\Parcial02\\app\\Views\\peliculas\\new.php', 25)
 2 SYSTEMPATH\View\View.php(226): include('C:\\xampp\\htdocs\\Parcial02\\app\\Views\\peliculas\\new.php')
 3 SYSTEMPATH\View\View.php(229): CodeIgniter\View\View->CodeIgniter\View\{closure}()
 4 SYSTEMPATH\Common.php(1188): CodeIgniter\View\View->render('peliculas/new', [], true)
 5 APPPATH\Controllers\Peliculas.php(21): view('peliculas/new')
 6 SYSTEMPATH\CodeIgniter.php(919): App\Controllers\Peliculas->getNuevo()
 7 SYSTEMPATH\CodeIgniter.php(494): CodeIgniter\CodeIgniter->runController(Object(App\Controllers\Peliculas))
 8 SYSTEMPATH\CodeIgniter.php(353): CodeIgniter\CodeIgniter->handleRequest(null, Object(Config\Cache), false)
 9 FCPATH\index.php(79): CodeIgniter\CodeIgniter->run()
